g:\game projects\zombies\zombies attack\zombies attack\debug\vc141.pdb
g:\game projects\zombies\zombies attack\zombies attack\debug\vc141.idb
g:\game projects\zombies\zombies attack\zombies attack\debug\animation.obj
g:\game projects\zombies\zombies attack\zombies attack\debug\animationset.obj
g:\game projects\zombies\zombies attack\zombies attack\debug\cleanup.obj
g:\game projects\zombies\zombies attack\zombies attack\debug\drawing_functions.obj
g:\game projects\zombies\zombies attack\zombies attack\debug\entity.obj
g:\game projects\zombies\zombies attack\zombies attack\debug\frame.obj
g:\game projects\zombies\zombies attack\zombies attack\debug\game.obj
g:\game projects\zombies\zombies attack\zombies attack\debug\glob.obj
g:\game projects\zombies\zombies attack\zombies attack\debug\globals.obj
g:\game projects\zombies\zombies attack\zombies attack\debug\grob.obj
g:\game projects\zombies\zombies attack\zombies attack\debug\groupbuilder.obj
g:\game projects\zombies\zombies attack\zombies attack\debug\hero.obj
g:\game projects\zombies\zombies attack\zombies attack\debug\keyboardinput.obj
g:\game projects\zombies\zombies attack\zombies attack\debug\livingentity.obj
g:\game projects\zombies\zombies attack\zombies attack\debug\main.obj
g:\game projects\zombies\zombies attack\zombies attack\debug\randomnumber.obj
g:\game projects\zombies\zombies attack\zombies attack\debug\res_path.obj
g:\game projects\zombies\zombies attack\zombies attack\debug\soundmanager.obj
g:\game projects\zombies\zombies attack\zombies attack\debug\timecontroller.obj
g:\game projects\zombies\zombies attack\zombies attack\debug\wall.obj
g:\game projects\zombies\zombies attack\debug\zombies attack.pdb
g:\game projects\zombies\zombies attack\debug\zombies attack.exe
g:\game projects\zombies\zombies attack\debug\zombies attack.ilk
g:\game projects\zombies\zombies attack\zombies attack\debug\zombies attack.tlog\cl.command.1.tlog
g:\game projects\zombies\zombies attack\zombies attack\debug\zombies attack.tlog\cl.read.1.tlog
g:\game projects\zombies\zombies attack\zombies attack\debug\zombies attack.tlog\cl.write.1.tlog
g:\game projects\zombies\zombies attack\zombies attack\debug\zombies attack.tlog\link.command.1.tlog
g:\game projects\zombies\zombies attack\zombies attack\debug\zombies attack.tlog\link.read.1.tlog
g:\game projects\zombies\zombies attack\zombies attack\debug\zombies attack.tlog\link.write.1.tlog
