g:\game projects\zombies\zombies fighter\zombies attack\release\vc141.pdb
g:\game projects\zombies\zombies fighter\zombies attack\release\wall.obj
g:\game projects\zombies\zombies fighter\zombies attack\release\timecontroller.obj
g:\game projects\zombies\zombies fighter\zombies attack\release\soundmanager.obj
g:\game projects\zombies\zombies fighter\zombies attack\release\res_path.obj
g:\game projects\zombies\zombies fighter\zombies attack\release\randomnumber.obj
g:\game projects\zombies\zombies fighter\zombies attack\release\main.obj
g:\game projects\zombies\zombies fighter\zombies attack\release\livingentity.obj
g:\game projects\zombies\zombies fighter\zombies attack\release\keyboardinput.obj
g:\game projects\zombies\zombies fighter\zombies attack\release\hero.obj
g:\game projects\zombies\zombies fighter\zombies attack\release\groupbuilder.obj
g:\game projects\zombies\zombies fighter\zombies attack\release\grob.obj
g:\game projects\zombies\zombies fighter\zombies attack\release\globals.obj
g:\game projects\zombies\zombies fighter\zombies attack\release\glob.obj
g:\game projects\zombies\zombies fighter\zombies attack\release\game.obj
g:\game projects\zombies\zombies fighter\zombies attack\release\frame.obj
g:\game projects\zombies\zombies fighter\zombies attack\release\entity.obj
g:\game projects\zombies\zombies fighter\zombies attack\release\drawing_functions.obj
g:\game projects\zombies\zombies fighter\zombies attack\release\cleanup.obj
g:\game projects\zombies\zombies fighter\zombies attack\release\animationset.obj
g:\game projects\zombies\zombies fighter\zombies attack\release\animation.obj
g:\game projects\zombies\zombies fighter\release\zombies attack.exe
g:\game projects\zombies\zombies fighter\release\zombies attack.pdb
g:\game projects\zombies\zombies fighter\release\zombies attack.ipdb
g:\game projects\zombies\zombies fighter\release\zombies attack.iobj
g:\game projects\zombies\zombies fighter\zombies attack\release\zombies attack.tlog\cl.command.1.tlog
g:\game projects\zombies\zombies fighter\zombies attack\release\zombies attack.tlog\cl.read.1.tlog
g:\game projects\zombies\zombies fighter\zombies attack\release\zombies attack.tlog\cl.write.1.tlog
g:\game projects\zombies\zombies fighter\zombies attack\release\zombies attack.tlog\link.command.1.tlog
g:\game projects\zombies\zombies fighter\zombies attack\release\zombies attack.tlog\link.read.1.tlog
g:\game projects\zombies\zombies fighter\zombies attack\release\zombies attack.tlog\link.write.1.tlog
g:\game projects\zombies\zombies fighter\zombies attack\release\zombies attack.tlog\zombies attack.write.1u.tlog
